0 info it worked if it ends with ok
1 verbose cli [ '/usr/bin/nodejs', '/usr/bin/npm', 'install', '-g', 'node' ]
2 info using npm@3.5.2
3 info using node@v4.2.6
4 silly loadCurrentTree Starting
5 silly install loadCurrentTree
6 silly install readGlobalPackageData
7 silly fetchPackageMetaData node
8 silly fetchNamedPackageData node
9 silly mapToRegistry name node
10 silly mapToRegistry using default registry
11 silly mapToRegistry registry https://registry.npmjs.org/
12 silly mapToRegistry uri https://registry.npmjs.org/node
13 verbose request uri https://registry.npmjs.org/node
14 verbose request no auth needed
15 info attempt registry request try #1 at 11:13:09 AM
16 verbose request id e069abab330829c5
17 verbose etag W/"561c5238-43d"
18 verbose lastModified Tue, 13 Oct 2015 00:37:12 GMT
19 http request GET https://registry.npmjs.org/node
20 http 200 https://registry.npmjs.org/node
21 verbose headers { server: 'nginx/1.10.3',
21 verbose headers   'content-type': 'application/json',
21 verbose headers   'last-modified': 'Tue, 25 Jul 2017 03:37:56 GMT',
21 verbose headers   etag: 'W/"5976bd14-4df89"',
21 verbose headers   'content-encoding': 'gzip',
21 verbose headers   'cache-control': 'max-age=300',
21 verbose headers   'content-length': '51308',
21 verbose headers   'accept-ranges': 'bytes',
21 verbose headers   date: 'Wed, 09 Aug 2017 14:13:10 GMT',
21 verbose headers   via: '1.1 varnish',
21 verbose headers   age: '0',
21 verbose headers   connection: 'keep-alive',
21 verbose headers   'x-served-by': 'cache-gig17028-GIG',
21 verbose headers   'x-cache': 'MISS',
21 verbose headers   'x-cache-hits': '0',
21 verbose headers   'x-timer': 'S1502287989.406153,VS0,VE804',
21 verbose headers   vary: 'Accept-Encoding, Accept' }
22 silly get cb [ 200,
22 silly get   { server: 'nginx/1.10.3',
22 silly get     'content-type': 'application/json',
22 silly get     'last-modified': 'Tue, 25 Jul 2017 03:37:56 GMT',
22 silly get     etag: 'W/"5976bd14-4df89"',
22 silly get     'content-encoding': 'gzip',
22 silly get     'cache-control': 'max-age=300',
22 silly get     'content-length': '51308',
22 silly get     'accept-ranges': 'bytes',
22 silly get     date: 'Wed, 09 Aug 2017 14:13:10 GMT',
22 silly get     via: '1.1 varnish',
22 silly get     age: '0',
22 silly get     connection: 'keep-alive',
22 silly get     'x-served-by': 'cache-gig17028-GIG',
22 silly get     'x-cache': 'MISS',
22 silly get     'x-cache-hits': '0',
22 silly get     'x-timer': 'S1502287989.406153,VS0,VE804',
22 silly get     vary: 'Accept-Encoding, Accept' } ]
23 verbose get saving node to /home/danielbispo/.npm/registry.npmjs.org/node/.cache.json
24 silly install normalizeTree
25 silly loadCurrentTree Finishing
26 silly loadIdealTree Starting
27 silly install loadIdealTree
28 silly cloneCurrentTree Starting
29 silly install cloneCurrentTreeToIdealTree
30 silly cloneCurrentTree Finishing
31 silly loadShrinkwrap Starting
32 silly install loadShrinkwrap
33 silly loadShrinkwrap Finishing
34 silly loadAllDepsIntoIdealTree Starting
35 silly install loadAllDepsIntoIdealTree
36 silly resolveWithNewModule node@8.2.1 checking installable status
37 silly cache add args [ 'node', null ]
38 verbose cache add spec node
39 silly cache add parsed spec Result {
39 silly cache add   raw: 'node',
39 silly cache add   scope: null,
39 silly cache add   name: 'node',
39 silly cache add   rawSpec: '',
39 silly cache add   spec: 'latest',
39 silly cache add   type: 'tag' }
40 silly addNamed node@latest
41 verbose addNamed "latest" is being treated as a dist-tag for node
42 info addNameTag [ 'node', 'latest' ]
43 silly mapToRegistry name node
44 silly mapToRegistry using default registry
45 silly mapToRegistry registry https://registry.npmjs.org/
46 silly mapToRegistry uri https://registry.npmjs.org/node
47 verbose addNameTag registry:https://registry.npmjs.org/node not in flight; fetching
48 verbose get https://registry.npmjs.org/node not expired, no request
49 silly addNameTag next cb for node with tag latest
50 silly addNamed node@8.2.1
51 verbose addNamed "8.2.1" is a plain semver version for node
52 silly mapToRegistry name node
53 silly mapToRegistry using default registry
54 silly mapToRegistry registry https://registry.npmjs.org/
55 silly mapToRegistry uri https://registry.npmjs.org/node
56 verbose addRemoteTarball https://registry.npmjs.org/node/-/node-8.2.1.tgz not in flight; adding
57 verbose addRemoteTarball [ 'https://registry.npmjs.org/node/-/node-8.2.1.tgz',
57 verbose addRemoteTarball   '860b3f57ef778177320f9b5da8171b6249fe4998' ]
58 info retry fetch attempt 1 at 11:13:10 AM
59 info attempt registry request try #1 at 11:13:10 AM
60 http fetch GET https://registry.npmjs.org/node/-/node-8.2.1.tgz
61 http fetch 200 https://registry.npmjs.org/node/-/node-8.2.1.tgz
62 silly fetchAndShaCheck shasum 860b3f57ef778177320f9b5da8171b6249fe4998
63 verbose addTmpTarball /tmp/npm-8545-b5f69c22/registry.npmjs.org/node/-/node-8.2.1.tgz not in flight; adding
64 verbose addTmpTarball already have metadata; skipping unpack for node@8.2.1
65 silly cache afterAdd node@8.2.1
66 verbose afterAdd /home/danielbispo/.npm/node/8.2.1/package/package.json not in flight; writing
67 verbose afterAdd /home/danielbispo/.npm/node/8.2.1/package/package.json written
68 silly fetchNamedPackageData node-bin-setup
69 silly mapToRegistry name node-bin-setup
70 silly mapToRegistry using default registry
71 silly mapToRegistry registry https://registry.npmjs.org/
72 silly mapToRegistry uri https://registry.npmjs.org/node-bin-setup
73 verbose request uri https://registry.npmjs.org/node-bin-setup
74 verbose request no auth needed
75 info attempt registry request try #1 at 11:13:10 AM
76 http request GET https://registry.npmjs.org/node-bin-setup
77 http 200 https://registry.npmjs.org/node-bin-setup
78 verbose headers { server: 'nginx/1.10.1',
78 verbose headers   'content-type': 'application/json',
78 verbose headers   'last-modified': 'Tue, 25 Jul 2017 03:32:58 GMT',
78 verbose headers   etag: 'W/"5976bbea-1511"',
78 verbose headers   'content-encoding': 'gzip',
78 verbose headers   'cache-control': 'max-age=300',
78 verbose headers   'content-length': '1464',
78 verbose headers   'accept-ranges': 'bytes',
78 verbose headers   date: 'Wed, 09 Aug 2017 14:13:11 GMT',
78 verbose headers   via: '1.1 varnish',
78 verbose headers   age: '0',
78 verbose headers   connection: 'keep-alive',
78 verbose headers   'x-served-by': 'cache-gig17034-GIG',
78 verbose headers   'x-cache': 'MISS',
78 verbose headers   'x-cache-hits': '0',
78 verbose headers   'x-timer': 'S1502287990.337983,VS0,VE740',
78 verbose headers   vary: 'Accept-Encoding, Accept' }
79 silly get cb [ 200,
79 silly get   { server: 'nginx/1.10.1',
79 silly get     'content-type': 'application/json',
79 silly get     'last-modified': 'Tue, 25 Jul 2017 03:32:58 GMT',
79 silly get     etag: 'W/"5976bbea-1511"',
79 silly get     'content-encoding': 'gzip',
79 silly get     'cache-control': 'max-age=300',
79 silly get     'content-length': '1464',
79 silly get     'accept-ranges': 'bytes',
79 silly get     date: 'Wed, 09 Aug 2017 14:13:11 GMT',
79 silly get     via: '1.1 varnish',
79 silly get     age: '0',
79 silly get     connection: 'keep-alive',
79 silly get     'x-served-by': 'cache-gig17034-GIG',
79 silly get     'x-cache': 'MISS',
79 silly get     'x-cache-hits': '0',
79 silly get     'x-timer': 'S1502287990.337983,VS0,VE740',
79 silly get     vary: 'Accept-Encoding, Accept' } ]
80 verbose get saving node-bin-setup to /home/danielbispo/.npm/registry.npmjs.org/node-bin-setup/.cache.json
81 silly resolveWithNewModule node-bin-setup@1.0.6 checking installable status
82 silly cache add args [ 'node-bin-setup@^1.0.0', null ]
83 verbose cache add spec node-bin-setup@^1.0.0
84 silly cache add parsed spec Result {
84 silly cache add   raw: 'node-bin-setup@^1.0.0',
84 silly cache add   scope: null,
84 silly cache add   name: 'node-bin-setup',
84 silly cache add   rawSpec: '^1.0.0',
84 silly cache add   spec: '>=1.0.0 <2.0.0',
84 silly cache add   type: 'range' }
85 silly addNamed node-bin-setup@>=1.0.0 <2.0.0
86 verbose addNamed ">=1.0.0 <2.0.0" is a valid semver range for node-bin-setup
87 silly addNameRange { name: 'node-bin-setup',
87 silly addNameRange   range: '>=1.0.0 <2.0.0',
87 silly addNameRange   hasData: false }
88 silly mapToRegistry name node-bin-setup
89 silly mapToRegistry using default registry
90 silly mapToRegistry registry https://registry.npmjs.org/
91 silly mapToRegistry uri https://registry.npmjs.org/node-bin-setup
92 verbose addNameRange registry:https://registry.npmjs.org/node-bin-setup not in flight; fetching
93 verbose get https://registry.npmjs.org/node-bin-setup not expired, no request
94 silly addNameRange number 2 { name: 'node-bin-setup',
94 silly addNameRange   range: '>=1.0.0 <2.0.0',
94 silly addNameRange   hasData: true }
95 silly addNameRange versions [ 'node-bin-setup',
95 silly addNameRange   [ '1.0.0', '1.0.1', '1.0.2', '1.0.3', '1.0.4', '1.0.6' ] ]
96 silly addNamed node-bin-setup@1.0.6
97 verbose addNamed "1.0.6" is a plain semver version for node-bin-setup
98 silly mapToRegistry name node-bin-setup
99 silly mapToRegistry using default registry
100 silly mapToRegistry registry https://registry.npmjs.org/
101 silly mapToRegistry uri https://registry.npmjs.org/node-bin-setup
102 verbose addRemoteTarball https://registry.npmjs.org/node-bin-setup/-/node-bin-setup-1.0.6.tgz not in flight; adding
103 verbose addRemoteTarball [ 'https://registry.npmjs.org/node-bin-setup/-/node-bin-setup-1.0.6.tgz',
103 verbose addRemoteTarball   '4b5c9bb937ece702d7069b36ca78af4684677528' ]
104 info retry fetch attempt 1 at 11:13:11 AM
105 info attempt registry request try #1 at 11:13:11 AM
106 http fetch GET https://registry.npmjs.org/node-bin-setup/-/node-bin-setup-1.0.6.tgz
107 http fetch 200 https://registry.npmjs.org/node-bin-setup/-/node-bin-setup-1.0.6.tgz
108 silly fetchAndShaCheck shasum 4b5c9bb937ece702d7069b36ca78af4684677528
109 verbose addTmpTarball /tmp/npm-8545-b5f69c22/registry.npmjs.org/node-bin-setup/-/node-bin-setup-1.0.6.tgz not in flight; adding
110 verbose addTmpTarball already have metadata; skipping unpack for node-bin-setup@1.0.6
111 silly cache afterAdd node-bin-setup@1.0.6
112 verbose afterAdd /home/danielbispo/.npm/node-bin-setup/1.0.6/package/package.json not in flight; writing
113 verbose afterAdd /home/danielbispo/.npm/node-bin-setup/1.0.6/package/package.json written
114 silly loadAllDepsIntoIdealTree Finishing
115 silly idealTree:prePrune lib
115 silly idealTree:prePrune └─┬ node@8.2.1
115 silly idealTree:prePrune   └── node-bin-setup@1.0.6
116 silly loadIdealTree Finishing
117 silly currentTree lib
118 silly idealTree lib
118 silly idealTree └─┬ node@8.2.1
118 silly idealTree   └── node-bin-setup@1.0.6
119 silly generateActionsToTake Starting
120 silly install generateActionsToTake
121 silly generateActionsToTake Finishing
122 silly diffTrees action count 2
123 silly diffTrees add node-bin-setup@1.0.6
124 silly diffTrees add node@8.2.1
125 silly decomposeActions action count 16
126 silly decomposeActions fetch node-bin-setup@1.0.6
127 silly decomposeActions extract node-bin-setup@1.0.6
128 silly decomposeActions test node-bin-setup@1.0.6
129 silly decomposeActions preinstall node-bin-setup@1.0.6
130 silly decomposeActions build node-bin-setup@1.0.6
131 silly decomposeActions install node-bin-setup@1.0.6
132 silly decomposeActions postinstall node-bin-setup@1.0.6
133 silly decomposeActions finalize node-bin-setup@1.0.6
134 silly decomposeActions fetch node@8.2.1
135 silly decomposeActions extract node@8.2.1
136 silly decomposeActions test node@8.2.1
137 silly decomposeActions preinstall node@8.2.1
138 silly decomposeActions build node@8.2.1
139 silly decomposeActions install node@8.2.1
140 silly decomposeActions postinstall node@8.2.1
141 silly decomposeActions finalize node@8.2.1
142 silly executeActions Starting
143 silly install executeActions
144 silly doSerial global-install 0
145 silly doParallel fetch 2
146 verbose lock using /home/danielbispo/.npm/_locks/staging-3a08f0df5026584d.lock for /usr/local/lib/node_modules/.staging
147 silly doParallel extract 2
148 silly extract node-bin-setup@1.0.6
149 silly extract node@8.2.1
150 verbose unbuild lib/node_modules/.staging/node-bin-setup-e96ff650
151 verbose unbuild lib/node_modules/.staging/node-120c5c5f
152 silly gentlyRm /usr/local/lib/node_modules/.staging/node-bin-setup-e96ff650 is being purged from base /usr/local
153 verbose gentlyRm don't care about contents; nuking /usr/local/lib/node_modules/.staging/node-bin-setup-e96ff650
154 verbose tar unpack /home/danielbispo/.npm/node-bin-setup/1.0.6/package.tgz
155 verbose tar unpacking to /usr/local/lib/node_modules/.staging/node-bin-setup-e96ff650
156 silly gentlyRm /usr/local/lib/node_modules/.staging/node-bin-setup-e96ff650 is being purged
157 verbose gentlyRm don't care about contents; nuking /usr/local/lib/node_modules/.staging/node-bin-setup-e96ff650
158 silly gentlyRm /usr/local/lib/node_modules/.staging/node-120c5c5f is being purged from base /usr/local
159 verbose gentlyRm don't care about contents; nuking /usr/local/lib/node_modules/.staging/node-120c5c5f
160 silly gunzTarPerm modes [ '755', '644' ]
161 verbose tar unpack /home/danielbispo/.npm/node/8.2.1/package.tgz
162 verbose tar unpacking to /usr/local/lib/node_modules/.staging/node-120c5c5f
163 silly gentlyRm /usr/local/lib/node_modules/.staging/node-120c5c5f is being purged
164 verbose gentlyRm don't care about contents; nuking /usr/local/lib/node_modules/.staging/node-120c5c5f
165 silly gunzTarPerm modes [ '755', '644' ]
166 silly gunzTarPerm extractEntry package.json
167 silly gunzTarPerm extractEntry package.json
168 silly gunzTarPerm extractEntry index.js
169 silly gunzTarPerm extractEntry README.md
170 silly gunzTarPerm extractEntry installArchSpecificPackage.js
171 silly gentlyRm /usr/local/lib/node_modules/.staging/node-bin-setup-e96ff650/node_modules is being purged
172 verbose gentlyRm don't care about contents; nuking /usr/local/lib/node_modules/.staging/node-bin-setup-e96ff650/node_modules
173 silly gentlyRm /usr/local/lib/node_modules/.staging/node-120c5c5f/node_modules is being purged
174 verbose gentlyRm don't care about contents; nuking /usr/local/lib/node_modules/.staging/node-120c5c5f/node_modules
175 silly doParallel preinstall 2
176 silly preinstall node-bin-setup@1.0.6 /usr/local/lib/node_modules/.staging/node-bin-setup-e96ff650
177 info lifecycle node-bin-setup@1.0.6~preinstall: node-bin-setup@1.0.6
178 silly preinstall node@8.2.1 /usr/local/lib/node_modules/.staging/node-120c5c5f
179 info lifecycle node@8.2.1~preinstall: node@8.2.1
180 silly lifecycle node-bin-setup@1.0.6~preinstall: no script for preinstall, continuing
181 warn lifecycle node@8.2.1~preinstall: cannot run in wd %s %s (wd=%s) node@8.2.1 node installArchSpecificPackage /usr/local/lib/node_modules/.staging/node-120c5c5f
182 silly doReverseSerial remove 0
183 silly doSerial move 0
184 silly doSerial finalize 2
185 silly finalize /usr/local/lib/node_modules/node/node_modules/node-bin-setup
186 silly finalize /usr/local/lib/node_modules/node
187 silly doSerial build 2
188 silly build node-bin-setup@1.0.6
189 info linkStuff node-bin-setup@1.0.6
190 silly linkStuff node-bin-setup@1.0.6 has /usr/local/lib/node_modules/node/node_modules as its parent node_modules
191 silly linkStuff node-bin-setup@1.0.6 is part of a global install
192 silly linkStuff node-bin-setup@1.0.6 is installed into a global node_modules
193 verbose linkBins node-bin-setup@1.0.6
194 verbose linkMans node-bin-setup@1.0.6
195 silly build node@8.2.1
196 info linkStuff node@8.2.1
197 silly linkStuff node@8.2.1 has /usr/local/lib/node_modules as its parent node_modules
198 silly linkStuff node@8.2.1 is part of a global install
199 silly linkStuff node@8.2.1 is installed into a global node_modules
200 silly linkStuff node@8.2.1 is installed into the top-level global node_modules
201 verbose linkBins node@8.2.1
202 verbose link bins [ { node: 'bin/node' }, '/usr/local/bin', true ]
203 verbose linkMans node@8.2.1
204 verbose unlock done using /home/danielbispo/.npm/_locks/staging-3a08f0df5026584d.lock for /usr/local/lib/node_modules/.staging
205 silly rollbackFailedOptional Starting
206 silly rollbackFailedOptional Finishing
207 silly runTopLevelLifecycles Starting
208 silly runTopLevelLifecycles Finishing
209 silly install printInstalled
210 verbose stack Error: ENOENT: no such file or directory, chmod '/usr/local/lib/node_modules/node/bin/node'
210 verbose stack     at Error (native)
211 verbose cwd /home/danielbispo/work/NightswatchTester
212 error Linux 4.4.0-89-generic
213 error argv "/usr/bin/nodejs" "/usr/bin/npm" "install" "-g" "node"
214 error node v4.2.6
215 error npm  v3.5.2
216 error path /usr/local/lib/node_modules/node/bin/node
217 error code ENOENT
218 error errno -2
219 error syscall chmod
220 error enoent ENOENT: no such file or directory, chmod '/usr/local/lib/node_modules/node/bin/node'
221 error enoent ENOENT: no such file or directory, chmod '/usr/local/lib/node_modules/node/bin/node'
221 error enoent This is most likely not a problem with npm itself
221 error enoent and is related to npm not being able to find a file.
222 verbose exit [ -2, true ]
